0 info it worked if it ends with ok
1 verbose cli [ '/Users/simonox/.nvm/versions/node/v4.2.5/bin/node',
1 verbose cli   '/Users/simonox/.nvm/versions/node/v4.2.5/bin/npm',
1 verbose cli   'run',
1 verbose cli   'hint' ]
2 info using npm@2.14.12
3 info using node@v4.2.5
4 verbose run-script [ 'prehint', 'hint', 'posthint' ]
5 info prehint workspace@0.0.1
6 info hint workspace@0.0.1
7 verbose unsafe-perm in lifecycle true
8 info workspace@0.0.1 Failed to exec hint script
9 verbose stack Error: workspace@0.0.1 hint: `jshint src`
9 verbose stack Exit status 2
9 verbose stack     at EventEmitter.<anonymous> (/Users/simonox/.nvm/versions/node/v4.2.5/lib/node_modules/npm/lib/utils/lifecycle.js:214:16)
9 verbose stack     at emitTwo (events.js:87:13)
9 verbose stack     at EventEmitter.emit (events.js:172:7)
9 verbose stack     at ChildProcess.<anonymous> (/Users/simonox/.nvm/versions/node/v4.2.5/lib/node_modules/npm/lib/utils/spawn.js:24:14)
9 verbose stack     at emitTwo (events.js:87:13)
9 verbose stack     at ChildProcess.emit (events.js:172:7)
9 verbose stack     at maybeClose (internal/child_process.js:821:16)
9 verbose stack     at Process.ChildProcess._handle.onexit (internal/child_process.js:211:5)
10 verbose pkgid workspace@0.0.1
11 verbose cwd /Users/simonox/js-workshop/js-workshop-2016/src/code
12 error Darwin 15.5.0
13 error argv "/Users/simonox/.nvm/versions/node/v4.2.5/bin/node" "/Users/simonox/.nvm/versions/node/v4.2.5/bin/npm" "run" "hint"
14 error node v4.2.5
15 error npm  v2.14.12
16 error code ELIFECYCLE
17 error workspace@0.0.1 hint: `jshint src`
17 error Exit status 2
18 error Failed at the workspace@0.0.1 hint script 'jshint src'.
18 error This is most likely a problem with the workspace package,
18 error not with npm itself.
18 error Tell the author that this fails on your system:
18 error     jshint src
18 error You can get their info via:
18 error     npm owner ls workspace
18 error There is likely additional logging output above.
19 verbose exit [ 1, true ]
